2025-04-23 14:55:22.255 CEST [37320] LOG:  starting PostgreSQL 14.13 (Homebrew) on aarch64-apple-darwin23.4.0, compiled by Apple clang version 15.0.0 (clang-1500.3.9.4), 64-bit
2025-04-23 14:55:22.257 CEST [37320] LOG:  listening on IPv4 address "127.0.0.1", port 5432
2025-04-23 14:55:22.257 CEST [37320] LOG:  listening on IPv6 address "::1", port 5432
2025-04-23 14:55:22.257 CEST [37320] LOG:  listening on Unix socket "/tmp/.s.PGSQL.5432"
2025-04-23 14:55:22.276 CEST [37323] LOG:  database system was shut down at 2025-04-23 14:55:21 CEST
2025-04-23 14:55:22.286 CEST [37320] LOG:  database system is ready to accept connections
2025-04-23 14:55:46.215 CEST [37337] LOG:  statement: select 1;
2025-04-23 14:55:46.227 CEST [37337] LOG:  duration: 12.376 ms
2025-04-23 15:02:17.763 CEST [38118] FATAL:  role "postgres" does not exist
2025-04-23 15:02:22.687 CEST [38120] FATAL:  role "postgres" does not exist
2025-04-23 15:02:52.119 CEST [38124] FATAL:  role "postgres" does not exist
2025-04-23 15:02:55.767 CEST [38125] FATAL:  role "postgres" does not exist
2025-04-23 15:03:05.249 CEST [38131] LOG:  statement: SELECT d.datname as "Name",
	       pg_catalog.pg_get_userbyid(d.datdba) as "Owner",
	       pg_catalog.pg_encoding_to_char(d.encoding) as "Encoding",
	       d.datcollate as "Collate",
	       d.datctype as "Ctype",
	       pg_catalog.array_to_string(d.datacl, E'\n') AS "Access privileges"
	FROM pg_catalog.pg_database d
	ORDER BY 1;
2025-04-23 15:03:05.366 CEST [38131] LOG:  duration: 116.592 ms
2025-04-23 15:03:23.703 CEST [38135] FATAL:  role "postgres" does not exist
2025-04-23 15:03:27.327 CEST [38139] FATAL:  role "postgres" does not exist
2025-04-23 15:04:20.549 CEST [38152] LOG:  duration: 0.119 ms
2025-04-23 15:04:20.549 CEST [38152] LOG:  duration: 0.005 ms
2025-04-23 15:04:20.549 CEST [38152] LOG:  execute <unnamed>: SET extra_float_digits = 3
2025-04-23 15:04:20.549 CEST [38152] LOG:  duration: 0.014 ms
2025-04-23 15:04:20.550 CEST [38152] LOG:  duration: 0.023 ms
2025-04-23 15:04:20.550 CEST [38152] LOG:  duration: 0.004 ms
2025-04-23 15:04:20.550 CEST [38152] LOG:  execute <unnamed>: SET application_name = 'PostgreSQL JDBC Driver'
2025-04-23 15:04:20.550 CEST [38152] LOG:  duration: 0.011 ms
2025-04-23 15:04:20.554 CEST [38152] LOG:  duration: 0.031 ms
2025-04-23 15:04:20.554 CEST [38152] LOG:  duration: 0.007 ms
2025-04-23 15:04:20.554 CEST [38152] LOG:  execute <unnamed>: SET application_name = 'DBeaver 24.2.3 - Read PostgreSQL database list'
2025-04-23 15:04:20.554 CEST [38152] LOG:  duration: 0.064 ms
2025-04-23 15:04:20.576 CEST [38152] LOG:  duration: 18.392 ms
2025-04-23 15:04:20.576 CEST [38152] LOG:  duration: 0.493 ms
2025-04-23 15:04:20.576 CEST [38152] LOG:  execute <unnamed>: SELECT db.oid,db.* FROM pg_catalog.pg_database db WHERE 1 = 1 AND datallowconn AND NOT datistemplate OR db.datname =$1
	ORDER BY db.datname
2025-04-23 15:04:20.576 CEST [38152] DETAIL:  parameters: $1 = 'postgres'
2025-04-23 15:04:20.576 CEST [38152] LOG:  duration: 0.128 ms
2025-04-23 15:04:20.585 CEST [38152] LOG:  duration: 1.030 ms
2025-04-23 15:04:20.586 CEST [38152] LOG:  duration: 0.030 ms
2025-04-23 15:04:20.586 CEST [38152] LOG:  execute <unnamed>: SELECT current_database()
2025-04-23 15:04:20.586 CEST [38152] LOG:  duration: 0.039 ms
2025-04-23 15:04:20.590 CEST [38153] LOG:  duration: 0.072 ms
2025-04-23 15:04:20.590 CEST [38153] LOG:  duration: 0.008 ms
2025-04-23 15:04:20.590 CEST [38153] LOG:  execute <unnamed>: SET extra_float_digits = 3
2025-04-23 15:04:20.590 CEST [38153] LOG:  duration: 0.012 ms
2025-04-23 15:04:20.590 CEST [38153] LOG:  duration: 0.010 ms
2025-04-23 15:04:20.590 CEST [38153] LOG:  duration: 0.001 ms
2025-04-23 15:04:20.590 CEST [38153] LOG:  execute <unnamed>: SET application_name = 'PostgreSQL JDBC Driver'
2025-04-23 15:04:20.590 CEST [38153] LOG:  duration: 0.005 ms
2025-04-23 15:04:20.590 CEST [38153] LOG:  duration: 0.007 ms
2025-04-23 15:04:20.590 CEST [38153] LOG:  duration: 0.002 ms
2025-04-23 15:04:20.590 CEST [38153] LOG:  execute <unnamed>: SET application_name = 'DBeaver 24.2.3 - Main <postgres>'
2025-04-23 15:04:20.590 CEST [38153] LOG:  duration: 0.006 ms
2025-04-23 15:04:20.594 CEST [38153] LOG:  duration: 0.525 ms
2025-04-23 15:04:20.594 CEST [38153] LOG:  duration: 0.054 ms
2025-04-23 15:04:20.594 CEST [38153] LOG:  execute <unnamed>: SELECT current_schema(),session_user
2025-04-23 15:04:20.600 CEST [38153] LOG:  duration: 5.798 ms
2025-04-23 15:04:20.606 CEST [38153] LOG:  duration: 5.171 ms
2025-04-23 15:04:20.636 CEST [38153] LOG:  duration: 29.129 ms
2025-04-23 15:04:20.636 CEST [38153] LOG:  execute <unnamed>: SELECT n.oid,n.*,d.description FROM pg_catalog.pg_namespace n
	LEFT OUTER JOIN pg_catalog.pg_description d ON d.objoid=n.oid AND d.objsubid=0 AND d.classoid='pg_namespace'::regclass
	 ORDER BY nspname
2025-04-23 15:04:20.636 CEST [38153] LOG:  duration: 0.697 ms
2025-04-23 15:04:20.641 CEST [38153] LOG:  duration: 0.527 ms
2025-04-23 15:04:20.647 CEST [38153] LOG:  duration: 6.321 ms
2025-04-23 15:04:20.647 CEST [38153] LOG:  execute <unnamed>: SELECT n.nspname = ANY(current_schemas(true)), n.nspname, t.typname FROM pg_catalog.pg_type t JOIN pg_catalog.pg_namespace n ON t.typnamespace = n.oid WHERE t.oid = $1
2025-04-23 15:04:20.647 CEST [38153] DETAIL:  parameters: $1 = '1034'
2025-04-23 15:04:20.647 CEST [38153] LOG:  duration: 0.093 ms
2025-04-23 15:04:20.659 CEST [38153] LOG:  duration: 11.447 ms
2025-04-23 15:04:20.659 CEST [38153] LOG:  duration: 0.424 ms
2025-04-23 15:04:20.659 CEST [38153] LOG:  execute <unnamed>: SELECT typinput='pg_catalog.array_in'::regproc as is_array, typtype, typname, pg_type.oid   FROM pg_catalog.pg_type   LEFT JOIN (select ns.oid as nspoid, ns.nspname, r.r           from pg_namespace as ns           join ( select s.r, (current_schemas(false))[s.r] as nspname                    from generate_series(1, array_upper(current_schemas(false), 1)) as s(r) ) as r          using ( nspname )        ) as sp     ON sp.nspoid = typnamespace  WHERE pg_type.oid = $1  ORDER BY sp.r, pg_type.oid DESC
2025-04-23 15:04:20.659 CEST [38153] DETAIL:  parameters: $1 = '1034'
2025-04-23 15:04:20.659 CEST [38153] LOG:  duration: 0.077 ms
2025-04-23 15:04:20.661 CEST [38153] LOG:  duration: 0.031 ms
2025-04-23 15:04:20.661 CEST [38153] LOG:  duration: 0.004 ms
2025-04-23 15:04:20.661 CEST [38153] LOG:  execute <unnamed>: SHOW search_path
2025-04-23 15:04:20.661 CEST [38153] LOG:  duration: 0.024 ms
2025-04-23 15:04:20.666 CEST [38154] LOG:  duration: 0.074 ms
2025-04-23 15:04:20.666 CEST [38154] LOG:  duration: 0.005 ms
2025-04-23 15:04:20.666 CEST [38154] LOG:  execute <unnamed>: SET extra_float_digits = 3
2025-04-23 15:04:20.666 CEST [38154] LOG:  duration: 0.015 ms
2025-04-23 15:04:20.666 CEST [38154] LOG:  duration: 0.021 ms
2025-04-23 15:04:20.666 CEST [38154] LOG:  duration: 0.004 ms
2025-04-23 15:04:20.666 CEST [38154] LOG:  execute <unnamed>: SET application_name = 'PostgreSQL JDBC Driver'
2025-04-23 15:04:20.666 CEST [38154] LOG:  duration: 0.034 ms
2025-04-23 15:04:20.667 CEST [38154] LOG:  duration: 0.011 ms
2025-04-23 15:04:20.667 CEST [38154] LOG:  duration: 0.003 ms
2025-04-23 15:04:20.667 CEST [38154] LOG:  execute <unnamed>: SET application_name = 'DBeaver 24.2.3 - Metadata <postgres>'
2025-04-23 15:04:20.667 CEST [38154] LOG:  duration: 0.010 ms
2025-04-23 15:04:20.667 CEST [38154] LOG:  duration: 0.214 ms
2025-04-23 15:04:20.667 CEST [38154] LOG:  duration: 0.090 ms
2025-04-23 15:04:20.668 CEST [38154] LOG:  execute <unnamed>: SELECT current_schema(),session_user
2025-04-23 15:04:20.668 CEST [38154] LOG:  duration: 0.033 ms
2025-04-23 15:04:20.668 CEST [38154] LOG:  duration: 0.094 ms
2025-04-23 15:04:20.668 CEST [38154] LOG:  duration: 0.007 ms
2025-04-23 15:04:20.668 CEST [38154] LOG:  execute <unnamed>: SHOW search_path
2025-04-23 15:04:20.668 CEST [38154] LOG:  duration: 0.029 ms
2025-04-23 15:04:20.690 CEST [38154] LOG:  duration: 21.925 ms
2025-04-23 15:04:20.691 CEST [38154] LOG:  duration: 0.479 ms
2025-04-23 15:04:20.691 CEST [38154] LOG:  execute <unnamed>: select * from pg_catalog.pg_settings where name=$1
2025-04-23 15:04:20.691 CEST [38154] DETAIL:  parameters: $1 = 'standard_conforming_strings'
2025-04-23 15:04:20.693 CEST [38154] LOG:  duration: 1.691 ms
2025-04-23 15:04:20.705 CEST [38154] LOG:  duration: 9.826 ms
2025-04-23 15:04:20.706 CEST [38154] LOG:  duration: 0.480 ms
2025-04-23 15:04:20.706 CEST [38154] LOG:  execute <unnamed>: select string_agg(word, ',') from pg_catalog.pg_get_keywords() where word <> ALL ('{a,abs,absolute,action,ada,add,admin,after,all,allocate,alter,always,and,any,are,array,as,asc,asensitive,assertion,assignment,asymmetric,at,atomic,attribute,attributes,authorization,avg,before,begin,bernoulli,between,bigint,binary,blob,boolean,both,breadth,by,c,call,called,cardinality,cascade,cascaded,case,cast,catalog,catalog_name,ceil,ceiling,chain,char,char_length,character,character_length,character_set_catalog,character_set_name,character_set_schema,characteristics,characters,check,checked,class_origin,clob,close,coalesce,cobol,code_units,collate,collation,collation_catalog,collation_name,collation_schema,collect,column,column_name,command_function,command_function_code,commit,committed,condition,condition_number,connect,connection_name,constraint,constraint_catalog,constraint_name,constraint_schema,constraints,constructors,contains,continue,convert,corr,corresponding,count,covar_pop,covar_samp,create,cross,cube,cume_dist,current,current_collation,current_date,current_default_transform_group,current_path,current_role,current_time,current_timestamp,current_transform_group_for_type,current_user,cursor,cursor_name,cycle,data,date,datetime_interval_code,datetime_interval_precision,day,deallocate,dec,decimal,declare,default,defaults,deferrable,deferred,defined,definer,degree,delete,dense_rank,depth,deref,derived,desc,describe,descriptor,deterministic,diagnostics,disconnect,dispatch,distinct,domain,double,drop,dynamic,dynamic_function,dynamic_function_code,each,element,else,end,end-exec,equals,escape,every,except,exception,exclude,excluding,exec,execute,exists,exp,external,extract,false,fetch,filter,final,first,float,floor,following,for,foreign,fortran,found,free,from,full,function,fusion,g,general,get,global,go,goto,grant,granted,group,grouping,having,hierarchy,hold,hour,identity,immediate,implementation,in,including,increment,indicator,initially,inner,inout,input,insensitive,insert,instance,instantiable,int,integer,intersect,intersection,interval,into,invoker,is,isolation,join,k,key,key_member,key_type,language,large,last,lateral,leading,left,length,level,like,ln,local,localtime,localtimestamp,locator,lower,m,map,match,matched,max,maxvalue,member,merge,message_length,message_octet_length,message_text,method,min,minute,minvalue,mod,modifies,module,month,more,multiset,mumps,name,names,national,natural,nchar,nclob,nesting,new,next,no,none,normalize,normalized,not,"null",nullable,nullif,nulls,number,numeric,object,octet_length,octets,of,old,on,only,open,option,options,or,order,ordering,ordinality,others,out,outer,output,over,overlaps,overlay,overriding,pad,parameter,parameter_mode,parameter_name,parameter_ordinal_position,parameter_specific_catalog,parameter_specific_name,parameter_specific_schema,partial,partition,pascal,path,percent_rank,percentile_cont,percentile_disc,placing,pli,position,power,preceding,precision,prepare,preserve,primary,prior,privileges,procedure,public,range,rank,read,reads,real,recursive,ref,references,referencing,regr_avgx,regr_avgy,regr_count,regr_intercept,regr_r2,regr_slope,regr_sxx,regr_sxy,regr_syy,relative,release,repeatable,restart,result,return,returned_cardinality,returned_length,returned_octet_length,returned_sqlstate,returns,revoke,right,role,rollback,rollup,routine,routine_catalog,routine_name,routine_schema,row,row_count,row_number,rows,savepoint,scale,schema,schema_name,scope_catalog,scope_name,scope_schema,scroll,search,second,section,security,select,self,sensitive,sequence,serializable,server_name,session,session_user,set,sets,similar,simple,size,smallint,some,source,space,specific,specific_name,specifictype,sql,sqlexception,sqlstate,sqlwarning,sqrt,start,state,statement,static,stddev_pop,stddev_samp,structure,style,subclass_origin,submultiset,substring,sum,symmetric,system,system_user,table,table_name,tablesample,temporary,then,ties,time,timestamp,timezone_hour,timezone_minute,to,top_level_count,trailing,transaction,transaction_active,transactions_committed,transactions_rolled_back,transform,transforms,translate,translation,treat,trigger,trigger_catalog,trigger_name,trigger_schema,trim,true,type,uescape,unbounded,uncommitted,under,union,unique,unknown,unnamed,unnest,update,upper,usage,user,user_defined_type_catalog,user_defined_type_code,user_defined_type_name,user_defined_type_schema,using,value,values,var_pop,var_samp,varchar,varying,view,when,whenever,where,width_bucket,window,with,within,without,work,write,year,zone}'::text[])
2025-04-23 15:04:20.713 CEST [38154] LOG:  duration: 7.356 ms
2025-04-23 15:04:20.717 CEST [38154] LOG:  duration: 0.365 ms
2025-04-23 15:04:20.717 CEST [38154] LOG:  duration: 0.030 ms
2025-04-23 15:04:20.717 CEST [38154] LOG:  execute <unnamed>: SELECT version()
2025-04-23 15:04:20.717 CEST [38154] LOG:  duration: 0.018 ms
2025-04-23 15:04:20.718 CEST [38154] LOG:  duration: 0.357 ms
2025-04-23 15:04:20.737 CEST [38154] LOG:  duration: 18.734 ms
2025-04-23 15:04:20.737 CEST [38154] LOG:  execute <unnamed>: SELECT * FROM pg_catalog.pg_enum WHERE 1<>1 LIMIT 1
2025-04-23 15:04:20.737 CEST [38154] LOG:  duration: 0.015 ms
2025-04-23 15:04:20.737 CEST [38154] LOG:  duration: 0.154 ms
2025-04-23 15:04:20.750 CEST [38154] LOG:  duration: 12.541 ms
2025-04-23 15:04:20.750 CEST [38154] LOG:  execute <unnamed>: SELECT reltype FROM pg_catalog.pg_class WHERE 1<>1 LIMIT 1
2025-04-23 15:04:20.750 CEST [38154] LOG:  duration: 0.014 ms
2025-04-23 15:04:20.752 CEST [38154] LOG:  duration: 1.220 ms
2025-04-23 15:04:20.765 CEST [38154] LOG:  duration: 13.517 ms
2025-04-23 15:04:20.765 CEST [38154] LOG:  execute <unnamed>: SELECT t.oid,t.*,c.relkind,format_type(nullif(t.typbasetype, 0), t.typtypmod) as base_type_name, d.description
	FROM pg_catalog.pg_type t
	LEFT OUTER JOIN pg_catalog.pg_type et ON et.oid=t.typelem 
	LEFT OUTER JOIN pg_catalog.pg_class c ON c.oid=t.typrelid
	LEFT OUTER JOIN pg_catalog.pg_description d ON t.oid=d.objoid
	WHERE t.typname IS NOT NULL
	AND (c.relkind IS NULL OR c.relkind = 'c') AND (et.typcategory IS NULL OR et.typcategory <> 'C')
2025-04-23 15:04:20.777 CEST [38154] LOG:  duration: 12.265 ms
2025-04-23 15:04:20.786 CEST [38154] LOG:  duration: 0.089 ms
2025-04-23 15:04:20.786 CEST [38154] LOG:  duration: 0.138 ms
2025-04-23 15:04:20.786 CEST [38154] LOG:  execute <unnamed>: SELECT * FROM pg_catalog.pg_enum
2025-04-23 15:04:20.786 CEST [38154] LOG:  duration: 0.014 ms
2025-04-23 15:40:49.081 CEST [39067] LOG:  duration: 0.051 ms
2025-04-23 15:40:49.081 CEST [39067] LOG:  duration: 0.004 ms
2025-04-23 15:40:49.081 CEST [39067] LOG:  execute <unnamed>: SET extra_float_digits = 3
2025-04-23 15:40:49.081 CEST [39067] LOG:  duration: 0.011 ms
2025-04-23 15:40:49.081 CEST [39067] LOG:  duration: 0.010 ms
2025-04-23 15:40:49.081 CEST [39067] LOG:  duration: 0.002 ms
2025-04-23 15:40:49.081 CEST [39067] LOG:  execute <unnamed>: SET application_name = 'PostgreSQL JDBC Driver'
2025-04-23 15:40:49.081 CEST [39067] LOG:  duration: 0.006 ms
2025-04-23 15:40:49.082 CEST [39067] LOG:  duration: 0.012 ms
2025-04-23 15:40:49.082 CEST [39067] LOG:  duration: 0.003 ms
2025-04-23 15:40:49.082 CEST [39067] LOG:  execute <unnamed>: SET application_name = 'DBeaver 24.2.3 - Read PostgreSQL database list'
2025-04-23 15:40:49.082 CEST [39067] LOG:  duration: 0.009 ms
2025-04-23 15:40:49.083 CEST [39067] LOG:  duration: 0.801 ms
2025-04-23 15:40:49.087 CEST [39067] LOG:  duration: 4.493 ms
2025-04-23 15:40:49.087 CEST [39067] LOG:  execute <unnamed>: SELECT db.oid,db.* FROM pg_catalog.pg_database db WHERE 1 = 1 AND datallowconn AND NOT datistemplate OR db.datname =$1
	ORDER BY db.datname
2025-04-23 15:40:49.087 CEST [39067] DETAIL:  parameters: $1 = 'postgres'
2025-04-23 15:40:49.088 CEST [39067] LOG:  duration: 0.202 ms
2025-04-23 15:40:49.088 CEST [39067] LOG:  duration: 0.177 ms
2025-04-23 15:40:49.088 CEST [39067] LOG:  duration: 0.042 ms
2025-04-23 15:40:49.088 CEST [39067] LOG:  execute <unnamed>: SELECT current_database()
2025-04-23 15:40:49.088 CEST [39067] LOG:  duration: 0.028 ms
2025-04-23 15:40:49.093 CEST [39068] LOG:  duration: 0.058 ms
2025-04-23 15:40:49.093 CEST [39068] LOG:  duration: 0.005 ms
2025-04-23 15:40:49.093 CEST [39068] LOG:  execute <unnamed>: SET extra_float_digits = 3
2025-04-23 15:40:49.093 CEST [39068] LOG:  duration: 0.011 ms
2025-04-23 15:40:49.093 CEST [39068] LOG:  duration: 0.016 ms
2025-04-23 15:40:49.093 CEST [39068] LOG:  duration: 0.004 ms
2025-04-23 15:40:49.093 CEST [39068] LOG:  execute <unnamed>: SET application_name = 'PostgreSQL JDBC Driver'
2025-04-23 15:40:49.093 CEST [39068] LOG:  duration: 0.022 ms
2025-04-23 15:40:49.094 CEST [39068] LOG:  duration: 0.011 ms
2025-04-23 15:40:49.094 CEST [39068] LOG:  duration: 0.003 ms
2025-04-23 15:40:49.094 CEST [39068] LOG:  execute <unnamed>: SET application_name = 'DBeaver 24.2.3 - Main <postgres>'
2025-04-23 15:40:49.094 CEST [39068] LOG:  duration: 0.009 ms
2025-04-23 15:40:49.094 CEST [39068] LOG:  duration: 0.319 ms
2025-04-23 15:40:49.094 CEST [39068] LOG:  duration: 0.160 ms
2025-04-23 15:40:49.094 CEST [39068] LOG:  execute <unnamed>: SELECT current_schema(),session_user
2025-04-23 15:40:49.095 CEST [39068] LOG:  duration: 0.053 ms
2025-04-23 15:40:49.095 CEST [39068] LOG:  duration: 0.602 ms
2025-04-23 15:40:49.108 CEST [39068] LOG:  duration: 12.622 ms
2025-04-23 15:40:49.108 CEST [39068] LOG:  execute <unnamed>: SELECT n.oid,n.*,d.description FROM pg_catalog.pg_namespace n
	LEFT OUTER JOIN pg_catalog.pg_description d ON d.objoid=n.oid AND d.objsubid=0 AND d.classoid='pg_namespace'::regclass
	 ORDER BY nspname
2025-04-23 15:40:49.108 CEST [39068] LOG:  duration: 0.150 ms
2025-04-23 15:40:49.109 CEST [39068] LOG:  duration: 0.218 ms
2025-04-23 15:40:49.114 CEST [39068] LOG:  duration: 4.810 ms
2025-04-23 15:40:49.114 CEST [39068] LOG:  execute <unnamed>: SELECT n.nspname = ANY(current_schemas(true)), n.nspname, t.typname FROM pg_catalog.pg_type t JOIN pg_catalog.pg_namespace n ON t.typnamespace = n.oid WHERE t.oid = $1
2025-04-23 15:40:49.114 CEST [39068] DETAIL:  parameters: $1 = '1034'
2025-04-23 15:40:49.114 CEST [39068] LOG:  duration: 0.053 ms
2025-04-23 15:40:49.115 CEST [39068] LOG:  duration: 0.518 ms
2025-04-23 15:40:49.115 CEST [39068] LOG:  duration: 0.578 ms
2025-04-23 15:40:49.115 CEST [39068] LOG:  execute <unnamed>: SELECT typinput='pg_catalog.array_in'::regproc as is_array, typtype, typname, pg_type.oid   FROM pg_catalog.pg_type   LEFT JOIN (select ns.oid as nspoid, ns.nspname, r.r           from pg_namespace as ns           join ( select s.r, (current_schemas(false))[s.r] as nspname                    from generate_series(1, array_upper(current_schemas(false), 1)) as s(r) ) as r          using ( nspname )        ) as sp     ON sp.nspoid = typnamespace  WHERE pg_type.oid = $1  ORDER BY sp.r, pg_type.oid DESC
2025-04-23 15:40:49.115 CEST [39068] DETAIL:  parameters: $1 = '1034'
2025-04-23 15:40:49.115 CEST [39068] LOG:  duration: 0.105 ms
2025-04-23 15:40:49.116 CEST [39068] LOG:  duration: 0.031 ms
2025-04-23 15:40:49.116 CEST [39068] LOG:  duration: 0.009 ms
2025-04-23 15:40:49.116 CEST [39068] LOG:  execute <unnamed>: SHOW search_path
2025-04-23 15:40:49.116 CEST [39068] LOG:  duration: 0.025 ms
2025-04-23 15:40:49.123 CEST [39069] LOG:  duration: 0.105 ms
2025-04-23 15:40:49.124 CEST [39069] LOG:  duration: 0.016 ms
2025-04-23 15:40:49.124 CEST [39069] LOG:  execute <unnamed>: SET extra_float_digits = 3
2025-04-23 15:40:49.124 CEST [39069] LOG:  duration: 0.021 ms
2025-04-23 15:40:49.124 CEST [39069] LOG:  duration: 0.185 ms
2025-04-23 15:40:49.124 CEST [39069] LOG:  duration: 0.006 ms
2025-04-23 15:40:49.124 CEST [39069] LOG:  execute <unnamed>: SET application_name = 'PostgreSQL JDBC Driver'
2025-04-23 15:40:49.124 CEST [39069] LOG:  duration: 0.125 ms
2025-04-23 15:40:49.125 CEST [39069] LOG:  duration: 0.013 ms
2025-04-23 15:40:49.125 CEST [39069] LOG:  duration: 0.003 ms
2025-04-23 15:40:49.125 CEST [39069] LOG:  execute <unnamed>: SET application_name = 'DBeaver 24.2.3 - Metadata <postgres>'
2025-04-23 15:40:49.125 CEST [39069] LOG:  duration: 0.009 ms
2025-04-23 15:40:49.125 CEST [39069] LOG:  duration: 0.138 ms
2025-04-23 15:40:49.125 CEST [39069] LOG:  duration: 0.056 ms
2025-04-23 15:40:49.125 CEST [39069] LOG:  execute <unnamed>: SELECT current_schema(),session_user
2025-04-23 15:40:49.125 CEST [39069] LOG:  duration: 0.018 ms
2025-04-23 15:40:49.126 CEST [39069] LOG:  duration: 0.037 ms
2025-04-23 15:40:49.126 CEST [39069] LOG:  duration: 0.003 ms
2025-04-23 15:40:49.126 CEST [39069] LOG:  execute <unnamed>: SHOW search_path
2025-04-23 15:40:49.126 CEST [39069] LOG:  duration: 0.015 ms
2025-04-23 15:40:49.127 CEST [39069] LOG:  duration: 0.472 ms
2025-04-23 15:40:49.127 CEST [39069] LOG:  duration: 0.134 ms
2025-04-23 15:40:49.127 CEST [39069] LOG:  execute <unnamed>: select * from pg_catalog.pg_settings where name=$1
2025-04-23 15:40:49.127 CEST [39069] DETAIL:  parameters: $1 = 'standard_conforming_strings'
2025-04-23 15:40:49.128 CEST [39069] LOG:  duration: 1.108 ms
2025-04-23 15:40:49.129 CEST [39069] LOG:  duration: 0.436 ms
2025-04-23 15:40:49.129 CEST [39069] LOG:  duration: 0.352 ms
2025-04-23 15:40:49.129 CEST [39069] LOG:  execute <unnamed>: select string_agg(word, ',') from pg_catalog.pg_get_keywords() where word <> ALL ('{a,abs,absolute,action,ada,add,admin,after,all,allocate,alter,always,and,any,are,array,as,asc,asensitive,assertion,assignment,asymmetric,at,atomic,attribute,attributes,authorization,avg,before,begin,bernoulli,between,bigint,binary,blob,boolean,both,breadth,by,c,call,called,cardinality,cascade,cascaded,case,cast,catalog,catalog_name,ceil,ceiling,chain,char,char_length,character,character_length,character_set_catalog,character_set_name,character_set_schema,characteristics,characters,check,checked,class_origin,clob,close,coalesce,cobol,code_units,collate,collation,collation_catalog,collation_name,collation_schema,collect,column,column_name,command_function,command_function_code,commit,committed,condition,condition_number,connect,connection_name,constraint,constraint_catalog,constraint_name,constraint_schema,constraints,constructors,contains,continue,convert,corr,corresponding,count,covar_pop,covar_samp,create,cross,cube,cume_dist,current,current_collation,current_date,current_default_transform_group,current_path,current_role,current_time,current_timestamp,current_transform_group_for_type,current_user,cursor,cursor_name,cycle,data,date,datetime_interval_code,datetime_interval_precision,day,deallocate,dec,decimal,declare,default,defaults,deferrable,deferred,defined,definer,degree,delete,dense_rank,depth,deref,derived,desc,describe,descriptor,deterministic,diagnostics,disconnect,dispatch,distinct,domain,double,drop,dynamic,dynamic_function,dynamic_function_code,each,element,else,end,end-exec,equals,escape,every,except,exception,exclude,excluding,exec,execute,exists,exp,external,extract,false,fetch,filter,final,first,float,floor,following,for,foreign,fortran,found,free,from,full,function,fusion,g,general,get,global,go,goto,grant,granted,group,grouping,having,hierarchy,hold,hour,identity,immediate,implementation,in,including,increment,indicator,initially,inner,inout,input,insensitive,insert,instance,instantiable,int,integer,intersect,intersection,interval,into,invoker,is,isolation,join,k,key,key_member,key_type,language,large,last,lateral,leading,left,length,level,like,ln,local,localtime,localtimestamp,locator,lower,m,map,match,matched,max,maxvalue,member,merge,message_length,message_octet_length,message_text,method,min,minute,minvalue,mod,modifies,module,month,more,multiset,mumps,name,names,national,natural,nchar,nclob,nesting,new,next,no,none,normalize,normalized,not,"null",nullable,nullif,nulls,number,numeric,object,octet_length,octets,of,old,on,only,open,option,options,or,order,ordering,ordinality,others,out,outer,output,over,overlaps,overlay,overriding,pad,parameter,parameter_mode,parameter_name,parameter_ordinal_position,parameter_specific_catalog,parameter_specific_name,parameter_specific_schema,partial,partition,pascal,path,percent_rank,percentile_cont,percentile_disc,placing,pli,position,power,preceding,precision,prepare,preserve,primary,prior,privileges,procedure,public,range,rank,read,reads,real,recursive,ref,references,referencing,regr_avgx,regr_avgy,regr_count,regr_intercept,regr_r2,regr_slope,regr_sxx,regr_sxy,regr_syy,relative,release,repeatable,restart,result,return,returned_cardinality,returned_length,returned_octet_length,returned_sqlstate,returns,revoke,right,role,rollback,rollup,routine,routine_catalog,routine_name,routine_schema,row,row_count,row_number,rows,savepoint,scale,schema,schema_name,scope_catalog,scope_name,scope_schema,scroll,search,second,section,security,select,self,sensitive,sequence,serializable,server_name,session,session_user,set,sets,similar,simple,size,smallint,some,source,space,specific,specific_name,specifictype,sql,sqlexception,sqlstate,sqlwarning,sqrt,start,state,statement,static,stddev_pop,stddev_samp,structure,style,subclass_origin,submultiset,substring,sum,symmetric,system,system_user,table,table_name,tablesample,temporary,then,ties,time,timestamp,timezone_hour,timezone_minute,to,top_level_count,trailing,transaction,transaction_active,transactions_committed,transactions_rolled_back,transform,transforms,translate,translation,treat,trigger,trigger_catalog,trigger_name,trigger_schema,trim,true,type,uescape,unbounded,uncommitted,under,union,unique,unknown,unnamed,unnest,update,upper,usage,user,user_defined_type_catalog,user_defined_type_code,user_defined_type_name,user_defined_type_schema,using,value,values,var_pop,var_samp,varchar,varying,view,when,whenever,where,width_bucket,window,with,within,without,work,write,year,zone}'::text[])
2025-04-23 15:40:49.133 CEST [39069] LOG:  duration: 3.649 ms
2025-04-23 15:40:49.134 CEST [39069] LOG:  duration: 0.107 ms
2025-04-23 15:40:49.134 CEST [39069] LOG:  duration: 0.052 ms
2025-04-23 15:40:49.134 CEST [39069] LOG:  execute <unnamed>: SELECT version()
2025-04-23 15:40:49.134 CEST [39069] LOG:  duration: 0.032 ms
2025-04-23 15:40:49.135 CEST [39069] LOG:  duration: 0.142 ms
2025-04-23 15:40:49.140 CEST [39069] LOG:  duration: 5.043 ms
2025-04-23 15:40:49.140 CEST [39069] LOG:  execute <unnamed>: SELECT * FROM pg_catalog.pg_enum WHERE 1<>1 LIMIT 1
2025-04-23 15:40:49.140 CEST [39069] LOG:  duration: 0.009 ms
2025-04-23 15:40:49.140 CEST [39069] LOG:  duration: 0.069 ms
2025-04-23 15:40:49.145 CEST [39069] LOG:  duration: 4.800 ms
2025-04-23 15:40:49.145 CEST [39069] LOG:  execute <unnamed>: SELECT reltype FROM pg_catalog.pg_class WHERE 1<>1 LIMIT 1
2025-04-23 15:40:49.145 CEST [39069] LOG:  duration: 0.009 ms
2025-04-23 15:40:49.146 CEST [39069] LOG:  duration: 0.305 ms
2025-04-23 15:40:49.149 CEST [39069] LOG:  duration: 3.585 ms
2025-04-23 15:40:49.149 CEST [39069] LOG:  execute <unnamed>: SELECT t.oid,t.*,c.relkind,format_type(nullif(t.typbasetype, 0), t.typtypmod) as base_type_name, d.description
	FROM pg_catalog.pg_type t
	LEFT OUTER JOIN pg_catalog.pg_type et ON et.oid=t.typelem 
	LEFT OUTER JOIN pg_catalog.pg_class c ON c.oid=t.typrelid
	LEFT OUTER JOIN pg_catalog.pg_description d ON t.oid=d.objoid
	WHERE t.typname IS NOT NULL
	AND (c.relkind IS NULL OR c.relkind = 'c') AND (et.typcategory IS NULL OR et.typcategory <> 'C')
2025-04-23 15:40:49.155 CEST [39069] LOG:  duration: 5.411 ms
2025-04-23 15:40:49.157 CEST [39069] LOG:  duration: 0.056 ms
2025-04-23 15:40:49.157 CEST [39069] LOG:  duration: 0.093 ms
2025-04-23 15:40:49.157 CEST [39069] LOG:  execute <unnamed>: SELECT * FROM pg_catalog.pg_enum
2025-04-23 15:40:49.157 CEST [39069] LOG:  duration: 0.009 ms
2025-04-23 15:40:57.979 CEST [39071] LOG:  duration: 0.124 ms
2025-04-23 15:40:57.979 CEST [39071] LOG:  duration: 0.009 ms
2025-04-23 15:40:57.979 CEST [39071] LOG:  execute <unnamed>: SET extra_float_digits = 3
2025-04-23 15:40:57.979 CEST [39071] LOG:  duration: 0.033 ms
2025-04-23 15:40:57.980 CEST [39071] LOG:  duration: 0.033 ms
2025-04-23 15:40:57.980 CEST [39071] LOG:  duration: 0.014 ms
2025-04-23 15:40:57.980 CEST [39071] LOG:  execute <unnamed>: SET application_name = 'PostgreSQL JDBC Driver'
2025-04-23 15:40:57.980 CEST [39071] LOG:  duration: 0.136 ms
2025-04-23 15:40:57.981 CEST [39071] LOG:  duration: 0.031 ms
2025-04-23 15:40:57.981 CEST [39071] LOG:  duration: 0.008 ms
2025-04-23 15:40:57.981 CEST [39071] LOG:  execute <unnamed>: SET application_name = 'DBeaver 24.2.3 - Main <caasapi>'
2025-04-23 15:40:57.981 CEST [39071] LOG:  duration: 0.055 ms
2025-04-23 15:40:58.030 CEST [39071] LOG:  duration: 48.757 ms
2025-04-23 15:40:58.030 CEST [39071] LOG:  duration: 0.089 ms
2025-04-23 15:40:58.030 CEST [39071] LOG:  execute <unnamed>: SELECT current_schema(),session_user
2025-04-23 15:40:58.034 CEST [39071] LOG:  duration: 4.244 ms
2025-04-23 15:40:58.090 CEST [39071] LOG:  duration: 54.815 ms
2025-04-23 15:40:58.132 CEST [39071] LOG:  duration: 42.835 ms
2025-04-23 15:40:58.132 CEST [39071] LOG:  execute <unnamed>: SELECT n.oid,n.*,d.description FROM pg_catalog.pg_namespace n
	LEFT OUTER JOIN pg_catalog.pg_description d ON d.objoid=n.oid AND d.objsubid=0 AND d.classoid='pg_namespace'::regclass
	 ORDER BY nspname
2025-04-23 15:40:58.133 CEST [39071] LOG:  duration: 0.456 ms
2025-04-23 15:40:58.134 CEST [39071] LOG:  duration: 0.351 ms
2025-04-23 15:40:58.135 CEST [39071] LOG:  duration: 0.527 ms
2025-04-23 15:40:58.135 CEST [39071] LOG:  execute <unnamed>: SELECT n.nspname = ANY(current_schemas(true)), n.nspname, t.typname FROM pg_catalog.pg_type t JOIN pg_catalog.pg_namespace n ON t.typnamespace = n.oid WHERE t.oid = $1
2025-04-23 15:40:58.135 CEST [39071] DETAIL:  parameters: $1 = '1034'
2025-04-23 15:40:58.135 CEST [39071] LOG:  duration: 0.167 ms
2025-04-23 15:40:58.147 CEST [39071] LOG:  duration: 10.657 ms
2025-04-23 15:40:58.148 CEST [39071] LOG:  duration: 0.416 ms
2025-04-23 15:40:58.148 CEST [39071] LOG:  execute <unnamed>: SELECT typinput='pg_catalog.array_in'::regproc as is_array, typtype, typname, pg_type.oid   FROM pg_catalog.pg_type   LEFT JOIN (select ns.oid as nspoid, ns.nspname, r.r           from pg_namespace as ns           join ( select s.r, (current_schemas(false))[s.r] as nspname                    from generate_series(1, array_upper(current_schemas(false), 1)) as s(r) ) as r          using ( nspname )        ) as sp     ON sp.nspoid = typnamespace  WHERE pg_type.oid = $1  ORDER BY sp.r, pg_type.oid DESC
2025-04-23 15:40:58.148 CEST [39071] DETAIL:  parameters: $1 = '1034'
2025-04-23 15:40:58.148 CEST [39071] LOG:  duration: 0.090 ms
2025-04-23 15:40:58.149 CEST [39071] LOG:  duration: 0.074 ms
2025-04-23 15:40:58.149 CEST [39071] LOG:  duration: 0.009 ms
2025-04-23 15:40:58.149 CEST [39071] LOG:  execute <unnamed>: SHOW search_path
2025-04-23 15:40:58.149 CEST [39071] LOG:  duration: 0.039 ms
2025-04-23 15:40:58.156 CEST [39072] LOG:  duration: 0.092 ms
2025-04-23 15:40:58.156 CEST [39072] LOG:  duration: 0.022 ms
2025-04-23 15:40:58.156 CEST [39072] LOG:  execute <unnamed>: SET extra_float_digits = 3
2025-04-23 15:40:58.156 CEST [39072] LOG:  duration: 0.013 ms
2025-04-23 15:40:58.156 CEST [39072] LOG:  duration: 0.029 ms
2025-04-23 15:40:58.156 CEST [39072] LOG:  duration: 0.005 ms
2025-04-23 15:40:58.156 CEST [39072] LOG:  execute <unnamed>: SET application_name = 'PostgreSQL JDBC Driver'
2025-04-23 15:40:58.156 CEST [39072] LOG:  duration: 0.014 ms
2025-04-23 15:40:58.157 CEST [39072] LOG:  duration: 0.017 ms
2025-04-23 15:40:58.157 CEST [39072] LOG:  duration: 0.005 ms
2025-04-23 15:40:58.157 CEST [39072] LOG:  execute <unnamed>: SET application_name = 'DBeaver 24.2.3 - Metadata <caasapi>'
2025-04-23 15:40:58.157 CEST [39072] LOG:  duration: 0.091 ms
2025-04-23 15:40:58.159 CEST [39072] LOG:  duration: 0.258 ms
2025-04-23 15:40:58.159 CEST [39072] LOG:  duration: 0.111 ms
2025-04-23 15:40:58.159 CEST [39072] LOG:  execute <unnamed>: SELECT current_schema(),session_user
2025-04-23 15:40:58.159 CEST [39072] LOG:  duration: 0.036 ms
2025-04-23 15:40:58.159 CEST [39072] LOG:  duration: 0.042 ms
2025-04-23 15:40:58.159 CEST [39072] LOG:  duration: 0.005 ms
2025-04-23 15:40:58.159 CEST [39072] LOG:  execute <unnamed>: SHOW search_path
2025-04-23 15:40:58.159 CEST [39072] LOG:  duration: 0.025 ms
2025-04-23 15:40:58.162 CEST [39072] LOG:  duration: 1.177 ms
2025-04-23 15:40:58.184 CEST [39072] LOG:  duration: 22.573 ms
2025-04-23 15:40:58.184 CEST [39072] LOG:  execute <unnamed>: SELECT t.oid,t.*,c.relkind,format_type(nullif(t.typbasetype, 0), t.typtypmod) as base_type_name, d.description
	FROM pg_catalog.pg_type t
	LEFT OUTER JOIN pg_catalog.pg_type et ON et.oid=t.typelem 
	LEFT OUTER JOIN pg_catalog.pg_class c ON c.oid=t.typrelid
	LEFT OUTER JOIN pg_catalog.pg_description d ON t.oid=d.objoid
	WHERE t.typname IS NOT NULL
	AND (c.relkind IS NULL OR c.relkind = 'c') AND (et.typcategory IS NULL OR et.typcategory <> 'C')
2025-04-23 15:40:58.198 CEST [39072] LOG:  duration: 13.931 ms
2025-04-23 15:40:58.202 CEST [39072] LOG:  duration: 0.064 ms
2025-04-23 15:40:58.211 CEST [39072] LOG:  duration: 8.998 ms
2025-04-23 15:40:58.211 CEST [39072] LOG:  execute <unnamed>: SELECT * FROM pg_catalog.pg_enum
2025-04-23 15:40:58.211 CEST [39072] LOG:  duration: 0.017 ms
2025-04-23 15:41:02.316 CEST [39072] LOG:  duration: 1.356 ms
2025-04-23 15:41:02.319 CEST [39072] LOG:  duration: 2.164 ms
2025-04-23 15:41:02.319 CEST [39072] LOG:  execute <unnamed>: SELECT c.oid,c.*,d.description,pg_catalog.pg_get_expr(c.relpartbound, c.oid) as partition_expr,  pg_catalog.pg_get_partkeydef(c.oid) as partition_key 
	FROM pg_catalog.pg_class c
	LEFT OUTER JOIN pg_catalog.pg_description d ON d.objoid=c.oid AND d.objsubid=0 AND d.classoid='pg_class'::regclass
	WHERE c.relnamespace=$1 AND c.relkind not in ('i','I','c')
2025-04-23 15:41:02.319 CEST [39072] DETAIL:  parameters: $1 = '2200'
2025-04-23 15:41:02.326 CEST [39072] LOG:  duration: 7.800 ms
2025-04-23 15:41:02.361 CEST [39072] LOG:  duration: 0.451 ms
2025-04-23 15:41:02.361 CEST [39072] LOG:  duration: 0.109 ms
2025-04-23 15:41:02.361 CEST [39072] LOG:  execute <unnamed>: select c.oid,pg_catalog.pg_total_relation_size(c.oid) as total_rel_size,pg_catalog.pg_relation_size(c.oid) as rel_size
	FROM pg_class c
	WHERE c.relnamespace=$1
2025-04-23 15:41:02.361 CEST [39072] DETAIL:  parameters: $1 = '2200'
2025-04-23 15:41:02.402 CEST [39072] LOG:  duration: 40.973 ms
2025-04-23 15:41:05.952 CEST [39072] LOG:  duration: 0.629 ms
2025-04-23 15:41:05.972 CEST [39072] LOG:  duration: 19.411 ms
2025-04-23 15:41:05.972 CEST [39072] LOG:  execute <unnamed>: SELECT c.relname,a.*,pg_catalog.pg_get_expr(ad.adbin, ad.adrelid, true) as def_value,dsc.description,dep.objid
	FROM pg_catalog.pg_attribute a
	INNER JOIN pg_catalog.pg_class c ON (a.attrelid=c.oid)
	LEFT OUTER JOIN pg_catalog.pg_attrdef ad ON (a.attrelid=ad.adrelid AND a.attnum = ad.adnum)
	LEFT OUTER JOIN pg_catalog.pg_description dsc ON (c.oid=dsc.objoid AND a.attnum = dsc.objsubid)
	LEFT OUTER JOIN pg_depend dep on dep.refobjid = a.attrelid AND dep.deptype = 'i' and dep.refobjsubid = a.attnum and dep.classid = dep.refclassid
	WHERE NOT a.attisdropped AND c.relkind not in ('i','I','c') AND c.oid=$1
	ORDER BY a.attnum
2025-04-23 15:41:05.972 CEST [39072] DETAIL:  parameters: $1 = '16548'
2025-04-23 15:41:05.975 CEST [39072] LOG:  duration: 3.250 ms
2025-04-23 15:41:05.993 CEST [39072] LOG:  duration: 17.207 ms
2025-04-23 15:41:06.014 CEST [39072] LOG:  duration: 21.056 ms
2025-04-23 15:41:06.014 CEST [39072] LOG:  execute <unnamed>: SELECT a.oid,a.*,pd.description FROM pg_catalog.pg_roles a 
	left join pg_catalog.pg_shdescription pd on a.oid = pd.objoid
	ORDER BY a.rolname
2025-04-23 15:41:06.015 CEST [39072] LOG:  duration: 0.079 ms
2025-04-23 15:41:06.018 CEST [39072] LOG:  duration: 0.382 ms
2025-04-23 15:41:06.029 CEST [39072] LOG:  duration: 11.597 ms
2025-04-23 15:41:06.029 CEST [39072] LOG:  execute <unnamed>: SELECT t.oid,t.*,pg_tablespace_location(t.oid) loc
	FROM pg_catalog.pg_tablespace t 
	ORDER BY t.oid
2025-04-23 15:41:06.029 CEST [39072] LOG:  duration: 0.067 ms
2025-04-23 15:41:06.030 CEST [39072] LOG:  duration: 0.247 ms
2025-04-23 15:41:06.037 CEST [39072] LOG:  duration: 7.055 ms
2025-04-23 15:41:06.037 CEST [39072] LOG:  execute <unnamed>: SELECT i.*,c.relnamespace FROM pg_catalog.pg_inherits i,pg_catalog.pg_class c WHERE i.inhrelid=$1 AND c.oid=i.inhparent ORDER BY i.inhseqno
2025-04-23 15:41:06.037 CEST [39072] DETAIL:  parameters: $1 = '16548'
2025-04-23 15:41:06.037 CEST [39072] LOG:  duration: 0.032 ms
2025-04-23 15:41:06.171 CEST [39072] LOG:  duration: 0.095 ms
2025-04-23 15:41:06.191 CEST [39072] LOG:  duration: 19.415 ms
2025-04-23 15:41:06.191 CEST [39072] LOG:  execute <unnamed>: SELECT c.oid,c.* FROM pg_catalog.pg_collation c 
	ORDER BY c.oid
2025-04-23 15:41:06.194 CEST [39072] LOG:  duration: 3.443 ms
2025-04-23 15:41:10.410 CEST [39072] LOG:  duration: 1.939 ms
2025-04-23 15:41:10.452 CEST [39072] LOG:  duration: 42.689 ms
2025-04-23 15:41:10.452 CEST [39072] LOG:  execute <unnamed>: SELECT c.oid,c.*,t.relname as tabrelname,rt.relnamespace as refnamespace,d.description, case when c.contype='c' then "substring"(pg_get_constraintdef(c.oid), 7) else null end consrc_copy
	FROM pg_catalog.pg_constraint c
	INNER JOIN pg_catalog.pg_class t ON t.oid=c.conrelid
	LEFT OUTER JOIN pg_catalog.pg_class rt ON rt.oid=c.confrelid
	LEFT OUTER JOIN pg_catalog.pg_description d ON d.objoid=c.oid AND d.objsubid=0 AND d.classoid='pg_constraint'::regclass
	WHERE c.conrelid=$1
	ORDER BY c.oid
2025-04-23 15:41:10.452 CEST [39072] DETAIL:  parameters: $1 = '16548'
2025-04-23 15:41:10.453 CEST [39072] LOG:  duration: 0.137 ms
2025-04-23 15:41:12.034 CEST [39072] LOG:  duration: 0.258 ms
2025-04-23 15:41:12.051 CEST [39072] LOG:  duration: 17.221 ms
2025-04-23 15:41:12.051 CEST [39072] LOG:  execute <unnamed>: SELECT i.*,i.indkey as keys,c.relname,c.relnamespace,c.relam,c.reltablespace,tc.relname as tabrelname,dsc.description,pg_catalog.pg_get_expr(i.indpred, i.indrelid) as pred_expr,pg_catalog.pg_get_expr(i.indexprs, i.indrelid, true) as expr,pg_catalog.pg_relation_size(i.indexrelid) as index_rel_size,pg_catalog.pg_stat_get_numscans(i.indexrelid) as index_num_scans
	FROM pg_catalog.pg_index i
	INNER JOIN pg_catalog.pg_class c ON c.oid=i.indexrelid
	INNER JOIN pg_catalog.pg_class tc ON tc.oid=i.indrelid
	LEFT OUTER JOIN pg_catalog.pg_description dsc ON i.indexrelid=dsc.objoid
	WHERE  i.indrelid=$1 ORDER BY c.relname
2025-04-23 15:41:12.051 CEST [39072] DETAIL:  parameters: $1 = '16548'
2025-04-23 15:41:12.099 CEST [39072] LOG:  duration: 48.087 ms
2025-04-23 15:41:12.101 CEST [39072] LOG:  duration: 0.234 ms
2025-04-23 15:41:12.102 CEST [39072] LOG:  duration: 0.551 ms
2025-04-23 15:41:12.102 CEST [39072] LOG:  execute <unnamed>: SELECT n.nspname = ANY(current_schemas(true)), n.nspname, t.typname FROM pg_catalog.pg_type t JOIN pg_catalog.pg_namespace n ON t.typnamespace = n.oid WHERE t.oid = $1
2025-04-23 15:41:12.102 CEST [39072] DETAIL:  parameters: $1 = '22'
2025-04-23 15:41:12.102 CEST [39072] LOG:  duration: 0.041 ms
2025-04-23 15:41:12.103 CEST [39072] LOG:  duration: 0.487 ms
2025-04-23 15:41:12.104 CEST [39072] LOG:  duration: 0.515 ms
2025-04-23 15:41:12.104 CEST [39072] LOG:  execute <unnamed>: SELECT typinput='pg_catalog.array_in'::regproc as is_array, typtype, typname, pg_type.oid   FROM pg_catalog.pg_type   LEFT JOIN (select ns.oid as nspoid, ns.nspname, r.r           from pg_namespace as ns           join ( select s.r, (current_schemas(false))[s.r] as nspname                    from generate_series(1, array_upper(current_schemas(false), 1)) as s(r) ) as r          using ( nspname )        ) as sp     ON sp.nspoid = typnamespace  WHERE pg_type.oid = $1  ORDER BY sp.r, pg_type.oid DESC
2025-04-23 15:41:12.104 CEST [39072] DETAIL:  parameters: $1 = '22'
2025-04-23 15:41:12.104 CEST [39072] LOG:  duration: 0.063 ms
2025-04-23 15:41:12.105 CEST [39072] LOG:  duration: 0.082 ms
2025-04-23 15:41:12.105 CEST [39072] LOG:  duration: 0.175 ms
2025-04-23 15:41:12.105 CEST [39072] LOG:  execute <unnamed>: SELECT n.nspname = ANY(current_schemas(true)), n.nspname, t.typname FROM pg_catalog.pg_type t JOIN pg_catalog.pg_namespace n ON t.typnamespace = n.oid WHERE t.oid = $1
2025-04-23 15:41:12.105 CEST [39072] DETAIL:  parameters: $1 = '30'
2025-04-23 15:41:12.105 CEST [39072] LOG:  duration: 0.029 ms
2025-04-23 15:41:12.105 CEST [39072] LOG:  duration: 0.132 ms
2025-04-23 15:41:12.106 CEST [39072] LOG:  duration: 0.279 ms
2025-04-23 15:41:12.106 CEST [39072] LOG:  execute <unnamed>: SELECT typinput='pg_catalog.array_in'::regproc as is_array, typtype, typname, pg_type.oid   FROM pg_catalog.pg_type   LEFT JOIN (select ns.oid as nspoid, ns.nspname, r.r           from pg_namespace as ns           join ( select s.r, (current_schemas(false))[s.r] as nspname                    from generate_series(1, array_upper(current_schemas(false), 1)) as s(r) ) as r          using ( nspname )        ) as sp     ON sp.nspoid = typnamespace  WHERE pg_type.oid = $1  ORDER BY sp.r, pg_type.oid DESC
2025-04-23 15:41:12.106 CEST [39072] DETAIL:  parameters: $1 = '30'
2025-04-23 15:41:12.106 CEST [39072] LOG:  duration: 0.049 ms
2025-04-23 15:41:12.107 CEST [39072] LOG:  duration: 0.062 ms
2025-04-23 15:41:12.120 CEST [39072] LOG:  duration: 12.866 ms
2025-04-23 15:41:12.120 CEST [39072] LOG:  execute <unnamed>: SELECT am.oid,am.* FROM pg_catalog.pg_am am 
	ORDER BY am.oid
2025-04-23 15:41:12.120 CEST [39072] LOG:  duration: 0.558 ms
